Using pre-set license
Built from '2021.1/release' branch; Version is '2021.1.4f1 (4cd64a618c1b) revision 5035594'; Using compiler version '192528614'; Build Type 'Release'
OS: 'Windows 10 Enterprise LTSC 2019; OS build 17763.1999; Version 1809; 64bit' Language: 'ru' Physical Memory: 16324 MB
BatchMode: 1, IsHumanControllingUs: 0, StartBugReporterOnCrash: 0, Is64bit: 1, IsPro: 0

 COMMAND LINE ARGUMENTS:
E:\Program Files (x86)\Unity\2021.1.4f1\Editor\Unity.exe
-adb2
-batchMode
-noUpm
-name
AssetImportWorker0
-projectPath
G:/GitRepos/2D-Platformer
-logFile
Logs/AssetImportWorker0.log
-srvPort
61272
Successfully changed project path to: G:/GitRepos/2D-Platformer
G:/GitRepos/2D-Platformer
Using Asset Import Pipeline V2.
Refreshing native plugins compatible for Editor in 100.59 ms, found 2 plugins.
Preloading 0 native plugins for Editor in 0.00 ms.
Initialize engine version: 2021.1.4f1 (4cd64a618c1b)
[Subsystems] Discovering subsystems at path E:/Program Files (x86)/Unity/2021.1.4f1/Editor/Data/Resources/UnitySubsystems
[Subsystems] Discovering subsystems at path G:/GitRepos/2D-Platformer/Assets
GfxDevice: creating device client; threaded=0; jobified=0
Direct3D:
    Version:  Direct3D 11.0 [level 11.1]
    Renderer: NVIDIA GeForce GTX 1070 (ID=0x1b81)
    Vendor:   NVIDIA
    VRAM:     8088 MB
    Driver:   27.21.14.6663
Initialize mono
Mono path[0] = 'E:/Program Files (x86)/Unity/2021.1.4f1/Editor/Data/Managed'
Mono path[1] = 'E:/Program Files (x86)/Unity/2021.1.4f1/Editor/Data/MonoBleedingEdge/lib/mono/unityjit'
Mono config path = 'E:/Program Files (x86)/Unity/2021.1.4f1/Editor/Data/MonoBleedingEdge/etc'
Using monoOptions --debugger-agent=transport=dt_socket,embedding=1,server=y,suspend=n,address=127.0.0.1:56188
Begin MonoManager ReloadAssembly
Registering precompiled unity dll's ...
Register platform support module: E:/Program Files (x86)/Unity/2021.1.4f1/Editor/Data/PlaybackEngines/WindowsStandaloneSupport/UnityEditor.WindowsStandalone.Extensions.dll
Registered in 0.001628 seconds.
Native extension for WindowsStandalone target not found
Refreshing native plugins compatible for Editor in 100.50 ms, found 2 plugins.
Preloading 0 native plugins for Editor in 0.00 ms.
Mono: successfully reloaded assembly
- Completed reload, in  2.691 seconds
Platform modules already initialized, skipping
Registering precompiled user dll's ...
Registered in 0.004681 seconds.
Begin MonoManager ReloadAssembly
Native extension for WindowsStandalone target not found
Refreshing native plugins compatible for Editor in 104.22 ms, found 2 plugins.
Preloading 0 native plugins for Editor in 0.00 ms.
Mono: successfully reloaded assembly
- Completed reload, in  1.265 seconds
Platform modules already initialized, skipping
========================================================================
Worker process is ready to serve import requests
Launched and connected shader compiler UnityShaderCompiler.exe after 0.33 seconds
Refreshing native plugins compatible for Editor in 1.19 ms, found 2 plugins.
Preloading 0 native plugins for Editor in 0.00 ms.
Unloading 3548 Unused Serialized files (Serialized files now loaded: 0)
System memory in use before: 133.9 MB.
System memory in use after: 134.0 MB.

Unloading 32 unused Assets to reduce memory usage. Loaded Objects now: 4003.
Total: 2.544200 ms (FindLiveObjects: 0.316800 ms CreateObjectMapping: 0.277800 ms MarkObjects: 1.840700 ms  DeleteObjects: 0.107900 ms)

========================================================================
Received Import Request.
  path: Assets/Sounds
  artifactKey: Guid(72bcf472180685746ab39ac4c1d1ab1c) Importer(815301076,1909f56bfc062723c751e8b465ee728b)
Start importing Assets/Sounds using Guid(72bcf472180685746ab39ac4c1d1ab1c) Importer(815301076,1909f56bfc062723c751e8b465ee728b)  -> (artifact id: '72c21b82cf575b55dd813cbe73f8cbfb') in 0.008958 seconds 
========================================================================
Received Import Request.
  Time since last request: 14.306234 seconds.
  path: Assets/Sounds/Female Jump.wav
  artifactKey: Guid(99cfe9445069ca04888c5c28a18f1263) Importer(815301076,1909f56bfc062723c751e8b465ee728b)
Start importing Assets/Sounds/Female Jump.wav using Guid(99cfe9445069ca04888c5c28a18f1263) Importer(815301076,1909f56bfc062723c751e8b465ee728b)  -> (artifact id: 'a00b7803f5a6b98fa51ee8c422ed4d86') in 0.113745 seconds 
========================================================================
Received Prepare
Registering precompiled user dll's ...
Registered in 0.004333 seconds.
Begin MonoManager ReloadAssembly
Native extension for WindowsStandalone target not found
Refreshing native plugins compatible for Editor in 0.69 ms, found 2 plugins.
Preloading 0 native plugins for Editor in 0.00 ms.
Mono: successfully reloaded assembly
- Completed reload, in  1.179 seconds
Platform modules already initialized, skipping
Refreshing native plugins compatible for Editor in 1.42 ms, found 2 plugins.
Preloading 0 native plugins for Editor in 0.00 ms.
Unloading 3541 Unused Serialized files (Serialized files now loaded: 0)
System memory in use before: 138.0 MB.
System memory in use after: 138.1 MB.

Unloading 20 unused Assets to reduce memory usage. Loaded Objects now: 4016.
Total: 2.950200 ms (FindLiveObjects: 0.363700 ms CreateObjectMapping: 0.199000 ms MarkObjects: 2.291100 ms  DeleteObjects: 0.095400 ms)

========================================================================
Received Import Request.
  Time since last request: 483.785806 seconds.
  path: Assets/Scrpits/Player/PlayerSounds.cs
  artifactKey: Guid(12aed55542cf5ee4a99f2e2a1a950ce2) Importer(815301076,1909f56bfc062723c751e8b465ee728b)
Start importing Assets/Scrpits/Player/PlayerSounds.cs using Guid(12aed55542cf5ee4a99f2e2a1a950ce2) Importer(815301076,1909f56bfc062723c751e8b465ee728b)  -> (artifact id: '292584b988aa113a24030c972b788f11') in 0.016293 seconds 
========================================================================
Received Prepare
Registering precompiled user dll's ...
Registered in 0.004626 seconds.
Begin MonoManager ReloadAssembly
Native extension for WindowsStandalone target not found
Refreshing native plugins compatible for Editor in 0.73 ms, found 2 plugins.
Preloading 0 native plugins for Editor in 0.00 ms.
Mono: successfully reloaded assembly
- Completed reload, in  1.181 seconds
Platform modules already initialized, skipping
Refreshing native plugins compatible for Editor in 0.71 ms, found 2 plugins.
Preloading 0 native plugins for Editor in 0.00 ms.
Unloading 3542 Unused Serialized files (Serialized files now loaded: 0)
System memory in use before: 138.1 MB.
System memory in use after: 138.2 MB.

Unloading 20 unused Assets to reduce memory usage. Loaded Objects now: 4021.
Total: 2.332300 ms (FindLiveObjects: 0.233600 ms CreateObjectMapping: 0.140300 ms MarkObjects: 1.868500 ms  DeleteObjects: 0.089100 ms)

========================================================================
Received Prepare
Registering precompiled user dll's ...
Registered in 0.007429 seconds.
Begin MonoManager ReloadAssembly
Native extension for WindowsStandalone target not found
Refreshing native plugins compatible for Editor in 0.71 ms, found 2 plugins.
Preloading 0 native plugins for Editor in 0.00 ms.
Mono: successfully reloaded assembly
- Completed reload, in  1.267 seconds
Platform modules already initialized, skipping
Refreshing native plugins compatible for Editor in 0.86 ms, found 2 plugins.
Preloading 0 native plugins for Editor in 0.00 ms.
Unloading 3542 Unused Serialized files (Serialized files now loaded: 0)
System memory in use before: 138.1 MB.
System memory in use after: 138.2 MB.

Unloading 20 unused Assets to reduce memory usage. Loaded Objects now: 4025.
Total: 3.064600 ms (FindLiveObjects: 0.408100 ms CreateObjectMapping: 0.364300 ms MarkObjects: 2.187500 ms  DeleteObjects: 0.103400 ms)

========================================================================
Received Import Request.
  Time since last request: 272.271618 seconds.
  path: Assets/Scrpits/Player/PlayerSounds.cs
  artifactKey: Guid(12aed55542cf5ee4a99f2e2a1a950ce2) Importer(815301076,1909f56bfc062723c751e8b465ee728b)
Start importing Assets/Scrpits/Player/PlayerSounds.cs using Guid(12aed55542cf5ee4a99f2e2a1a950ce2) Importer(815301076,1909f56bfc062723c751e8b465ee728b)  -> (artifact id: 'd34500bf5d8776663c49d24582b7d1ef') in 0.009765 seconds 
========================================================================
Received Prepare
Registering precompiled user dll's ...
Registered in 0.004554 seconds.
Begin MonoManager ReloadAssembly
Native extension for WindowsStandalone target not found
Refreshing native plugins compatible for Editor in 0.70 ms, found 2 plugins.
Preloading 0 native plugins for Editor in 0.00 ms.
Mono: successfully reloaded assembly
- Completed reload, in  1.235 seconds
Platform modules already initialized, skipping
Refreshing native plugins compatible for Editor in 1.07 ms, found 2 plugins.
Preloading 0 native plugins for Editor in 0.00 ms.
Unloading 3542 Unused Serialized files (Serialized files now loaded: 0)
System memory in use before: 138.1 MB.
System memory in use after: 138.2 MB.

Unloading 20 unused Assets to reduce memory usage. Loaded Objects now: 4029.
Total: 3.226100 ms (FindLiveObjects: 0.413200 ms CreateObjectMapping: 0.381600 ms MarkObjects: 2.330600 ms  DeleteObjects: 0.099300 ms)

========================================================================
Received Prepare
Registering precompiled user dll's ...
Registered in 0.004654 seconds.
Begin MonoManager ReloadAssembly
Native extension for WindowsStandalone target not found
Refreshing native plugins compatible for Editor in 0.70 ms, found 2 plugins.
Preloading 0 native plugins for Editor in 0.00 ms.
Mono: successfully reloaded assembly
- Completed reload, in  1.121 seconds
Platform modules already initialized, skipping
Refreshing native plugins compatible for Editor in 0.67 ms, found 2 plugins.
Preloading 0 native plugins for Editor in 0.00 ms.
Unloading 3542 Unused Serialized files (Serialized files now loaded: 0)
System memory in use before: 138.1 MB.
System memory in use after: 138.2 MB.

Unloading 20 unused Assets to reduce memory usage. Loaded Objects now: 4033.
Total: 2.401000 ms (FindLiveObjects: 0.290400 ms CreateObjectMapping: 0.149300 ms MarkObjects: 1.860900 ms  DeleteObjects: 0.099000 ms)

AssetImportWorkerClient::OnTransportError - code=2 error=End of file
